0 info it worked if it ends with ok
1 verbose cli [ '/usr/bin/nodejs', '/usr/bin/npm', 'run', 'test' ]
2 info using npm@3.5.2
3 info using node@v4.2.6
4 verbose run-script [ 'pretest', 'test', 'posttest' ]
5 info lifecycle instasearch@1.0.0~pretest: instasearch@1.0.0
6 silly lifecycle instasearch@1.0.0~pretest: no script for pretest, continuing
7 info lifecycle instasearch@1.0.0~test: instasearch@1.0.0
8 verbose lifecycle instasearch@1.0.0~test: unsafe-perm in lifecycle true
9 verbose lifecycle instasearch@1.0.0~test: PATH: /usr/share/npm/bin/node-gyp-bin:/home/codeinside/Документы/dev/instsrch/node_modules/.bin:/home/codeinside/bin:/home/codeinside/.local/bin:/usr/local/sbin:/usr/local/bin:/usr/sbin:/usr/bin:/sbin:/bin:/usr/games:/usr/local/games:/snap/bin
10 verbose lifecycle instasearch@1.0.0~test: CWD: /home/codeinside/Документы/dev/instsrch
11 silly lifecycle instasearch@1.0.0~test: Args: [ '-c',
11 silly lifecycle   'sh ./node_modules/.bin/webpack-dev-server --config webpack.config.js' ]
12 silly lifecycle instasearch@1.0.0~test: Returned: code: 2  signal: null
13 info lifecycle instasearch@1.0.0~test: Failed to exec test script
14 verbose stack Error: instasearch@1.0.0 test: `sh ./node_modules/.bin/webpack-dev-server --config webpack.config.js`
14 verbose stack Exit status 2
14 verbose stack     at EventEmitter.<anonymous> (/usr/share/npm/lib/utils/lifecycle.js:232:16)
14 verbose stack     at emitTwo (events.js:87:13)
14 verbose stack     at EventEmitter.emit (events.js:172:7)
14 verbose stack     at ChildProcess.<anonymous> (/usr/share/npm/lib/utils/spawn.js:24:14)
14 verbose stack     at emitTwo (events.js:87:13)
14 verbose stack     at ChildProcess.emit (events.js:172:7)
14 verbose stack     at maybeClose (internal/child_process.js:821:16)
14 verbose stack     at Process.ChildProcess._handle.onexit (internal/child_process.js:211:5)
15 verbose pkgid instasearch@1.0.0
16 verbose cwd /home/codeinside/Документы/dev/instsrch
17 error Linux 4.8.0-52-generic
18 error argv "/usr/bin/nodejs" "/usr/bin/npm" "run" "test"
19 error node v4.2.6
20 error npm  v3.5.2
21 error code ELIFECYCLE
22 error instasearch@1.0.0 test: `sh ./node_modules/.bin/webpack-dev-server --config webpack.config.js`
22 error Exit status 2
23 error Failed at the instasearch@1.0.0 test script 'sh ./node_modules/.bin/webpack-dev-server --config webpack.config.js'.
23 error Make sure you have the latest version of node.js and npm installed.
23 error If you do, this is most likely a problem with the instasearch package,
23 error not with npm itself.
23 error Tell the author that this fails on your system:
23 error     sh ./node_modules/.bin/webpack-dev-server --config webpack.config.js
23 error You can get information on how to open an issue for this project with:
23 error     npm bugs instasearch
23 error Or if that isn't available, you can get their info via:
23 error     npm owner ls instasearch
23 error There is likely additional logging output above.
24 verbose exit [ 1, true ]
